c:\users\erik wapner\documents\github\gameproject-massive-internship-erik\gameproject\gameproject\x64\debug\gameproject.pch
c:\users\erik wapner\documents\github\gameproject-massive-internship-erik\gameproject\gameproject\x64\debug\vc141.pdb
c:\users\erik wapner\documents\github\gameproject-massive-internship-erik\gameproject\gameproject\x64\debug\vc141.idb
c:\users\erik wapner\documents\github\gameproject-massive-internship-erik\gameproject\gameproject\x64\debug\stdafx.obj
c:\users\erik wapner\documents\github\gameproject-massive-internship-erik\gameproject\gameproject\x64\debug\main.obj
c:\users\erik wapner\documents\github\gameproject-massive-internship-erik\gameproject\gameproject\x64\debug\entity.obj
c:\users\erik wapner\documents\github\gameproject-massive-internship-erik\gameproject\gameproject\x64\debug\inputhandler.obj
c:\users\erik wapner\documents\github\gameproject-massive-internship-erik\gameproject\gameproject\x64\debug\gsprite.obj
c:\users\erik wapner\documents\github\gameproject-massive-internship-erik\gameproject\gameproject\x64\debug\player.obj
c:\users\erik wapner\documents\github\gameproject-massive-internship-erik\gameproject\gameproject\x64\debug\camera.obj
c:\users\erik wapner\documents\github\gameproject-massive-internship-erik\gameproject\gameproject\x64\debug\collisionentity.obj
c:\users\erik wapner\documents\github\gameproject-massive-internship-erik\gameproject\gameproject\x64\debug\math.obj
c:\users\erik wapner\documents\github\gameproject-massive-internship-erik\gameproject\gameproject\x64\debug\quadnode.obj
c:\users\erik wapner\documents\github\gameproject-massive-internship-erik\gameproject\gameproject\x64\debug\rectangle.obj
c:\users\erik wapner\documents\github\gameproject-massive-internship-erik\gameproject\gameproject\x64\debug\brick.obj
c:\users\erik wapner\documents\github\gameproject-massive-internship-erik\gameproject\gameproject\x64\debug\line.obj
c:\users\erik wapner\documents\github\gameproject-massive-internship-erik\gameproject\x64\debug\gameproject.exe
c:\users\erik wapner\documents\github\gameproject-massive-internship-erik\gameproject\x64\debug\gameproject.ilk
c:\users\erik wapner\documents\github\gameproject-massive-internship-erik\gameproject\x64\debug\gameproject.pdb
c:\users\erik wapner\documents\github\gameproject-massive-internship-erik\gameproject\gameproject\x64\debug\player.obj.enc
c:\users\erik wapner\documents\github\gameproject-massive-internship-erik\gameproject\gameproject\x64\debug\gameproject.tlog\cl.command.1.tlog
c:\users\erik wapner\documents\github\gameproject-massive-internship-erik\gameproject\gameproject\x64\debug\gameproject.tlog\cl.read.1.tlog
c:\users\erik wapner\documents\github\gameproject-massive-internship-erik\gameproject\gameproject\x64\debug\gameproject.tlog\cl.write.1.tlog
c:\users\erik wapner\documents\github\gameproject-massive-internship-erik\gameproject\gameproject\x64\debug\gameproject.tlog\link.command.1.tlog
c:\users\erik wapner\documents\github\gameproject-massive-internship-erik\gameproject\gameproject\x64\debug\gameproject.tlog\link.read.1.tlog
c:\users\erik wapner\documents\github\gameproject-massive-internship-erik\gameproject\gameproject\x64\debug\gameproject.tlog\link.write.1.tlog
